<?xml version="1.0" encoding="UTF-8"?>
<testng-results skipped="0" failed="0" ignored="0" total="1" passed="1">
  <reporter-output>
  </reporter-output>
  <suite name="Default suite" duration-ms="61815" started-at="2019-12-14T16:31:44 IST" finished-at="2019-12-14T16:32:45 IST">
    <groups>
    </groups>
    <test name="Default test" duration-ms="61815" started-at="2019-12-14T16:31:44 IST" finished-at="2019-12-14T16:32:45 IST">
      <class name="org.amazon.testcases.TC001_BuyProduct">
        <test-method status="PASS" signature="setData()[pri:0, instance:org.amazon.testcases.TC001_BuyProduct@709393]" name="setData" is-config="true" duration-ms="37" started-at="2019-12-14T16:31:44 IST" finished-at="2019-12-14T16:31:44 IST">
          <reporter-output>
          </reporter-output>
        </test-method> <!-- setData -->
        <test-method status="PASS" signature="login()[pri:0, instance:org.amazon.testcases.TC001_BuyProduct@709393]" name="login" is-config="true" duration-ms="21693" started-at="2019-12-14T16:31:45 IST" finished-at="2019-12-14T16:32:06 IST">
          <reporter-output>
          </reporter-output>
        </test-method> <!-- login -->
        <test-method status="PASS" signature="BuyProduct(java.lang.String)[pri:0, instance:org.amazon.testcases.TC001_BuyProduct@709393]" name="BuyProduct" duration-ms="38805" started-at="2019-12-14T16:32:06 IST" data-provider="fetchData" finished-at="2019-12-14T16:32:45 IST">
          <params>
            <param index="0">
              <value>
                <![CDATA[Samsung Galaxy M30]]>
              </value>
            </param>
          </params>
          <reporter-output>
          </reporter-output>
        </test-method> <!-- BuyProduct -->
        <test-method status="PASS" signature="closeApp()[pri:0, instance:org.amazon.testcases.TC001_BuyProduct@709393]" name="closeApp" is-config="true" duration-ms="112" started-at="2019-12-14T16:32:45 IST" finished-at="2019-12-14T16:32:45 IST">
          <reporter-output>
          </reporter-output>
        </test-method> <!-- closeApp -->
      </class> <!-- org.amazon.testcases.TC001_BuyProduct -->
    </test> <!-- Default test -->
  </suite> <!-- Default suite -->
</testng-results>
